<?xml version="1.0" encoding="UTF-8"?>
<!-- Generated by org.testng.reporters.JUnitReportReporter -->
<testsuite skipped="0" hostname="LAPTOP-GTOIO43U" name="runner.RunLogin" tests="1" failures="0" timestamp="22 Jun 2020 08:18:38 GMT" time="15.266" errors="0">
  <testcase name="runScenario" time="15.266" classname="runner.RunLogin"/>
</testsuite> <!-- runner.RunLogin -->
